******** xxx ********
******************* GDI DUMP => Date : Mon Oct 15 11:53:29 2018

R at 0xe000edf0: 0x00030003
R at 0xe000edf0: 0x00030003
R at 0xe000edf0: 0x00030003
R at 0xe000edf0: 0x00030003
R at 0xe000edf0: 0x00030003
R at 0xe000edf0: 0x00030003
R at 0xe000edf0: 0x00030003
R at 0xe000edf0: 0x00030003
R at 0xe000edf0: 0x00030003
R at 0xe000edf0: 0x00030003
R at 0xe000edf0: 0x00030003
R at 0xe000edf0: 0x00030003
R at 0xe000edf0: 0x00030003
R at 0xe000edf0: 0x00030003
R at 0xe000edf0: 0x00030003
R at 0xe000edf0: 0x00030003
R at 0xe000edf0: 0x00030003
R at 0xe000edf0: 0x00030003
R at 0xe000edf0: 0x00030003
R at 0xe000edf0: 0x00030003
R at 0xe000edf0: 0x00030003
R at 0xe000edf0: 0x00030003
R at 0xe000edf0: 0x00030003
R at 0xe000edf0: 0x00030003
R at 0xe000edf0: 0x00030003
R at 0xe000edf0: 0x00030003
R at 0xe000edf0: 0x00030003
R at 0xe000edf0: 0x00030003
R at 0xe000edf0: 0x00030003
R at 0xe000edf0: 0x00030003
R at 0xe000edf0: 0x00030003
R at 0xe000edf0: 0x00030003
R at 0xe000edf0: 0x00030003
R at 0xe000edf0: 0x00030003
R at 0xe000edf0: 0x00030003
R at 0xe000edf0: 0x00030003
R at 0xe000edf0: 0x00030003
R at 0xe000edf0: 0x00030003
R at 0xe000edf0: 0x00030003
R at 0xe000edf0: 0x00030003
R at 0xe000edf0: 0x00030003
R at 0xe000edf0: 0x00030003
R at 0xe000edf0: 0x00030003
R at 0xe000edf0: 0x00030003
R at 0xe000edf0: 0x00030003
R at 0xe000edf0: 0x00030003
R at 0xe000edf0: 0x00030003
R at 0xe000edf0: 0x00030003
R at 0xe000edf0: 0x00030003
R at 0xe000edf0: 0x00030003
R at 0xe000edf0: 0x00030003
R at 0xe000edf0: 0x00030003
R at 0xe000edf0: 0x00030003
R at 0xe000edf0: 0x00030003
R at 0xe000edf0: 0x00030003
R at 0xe000edf0: 0x00030003
R at 0xe000edf0: 0x00030003
R at 0xe000edf0: 0x00030003
R at 0xe000edf0: 0x00030003
R at 0xe000edf0: 0x00030003
R at 0xe000edf0: 0x00030003
R at 0xe000edf0: 0x00030003
R at 0xe000edf0: 0x00030003
R at 0xe000edf0: 0x00030003
R at 0xe000edf0: 0x00030003
R at 0xe000edf0: 0x00030003
R at 0xe000edf0: 0x00030003
R at 0xe000edf0: 0x00030003
R at 0xe000edf0: 0x00030003
R at 0xe000edf0: 0x00030003
R at 0xe000edf0: 0x00030003
R at 0xe000edf0: 0x00030003
R at 0xe000edf0: 0x00030003
R at 0xe000edf0: 0x00030003
R at 0xe000edf0: 0x00030003
R at 0xe000edf0: 0x00030003
R at 0xe000edf0: 0x00030003
R at 0xe000edf0: 0x00030003
R at 0xe000edf0: 0x00030003
R at 0xe000edf0: 0x00030003
R at 0xe000edf0: 0x00030003
R at 0xe000edf0: 0x00030003
R at 0xe000edf0: 0x00030003
R at 0xe000edf0: 0x00030003
R at 0xe000edf0: 0x00030003
R at 0xe000edf0: 0x00030003
R at 0xe000edf0: 0x00030003
R at 0xe000edf0: 0x00030003
R at 0xe000edf0: 0x00030003
R at 0xe000edf0: 0x00030003
R at 0xe000edf0: 0x00030003
R at 0xe000edf0: 0x00030003
R at 0xe000edf0: 0x00030003
R at 0xe000edf0: 0x00030003
R at 0xe000edf0: 0x00030003
R at 0xe000edf0: 0x00030003
R at 0xe000edf0: 0x00030003
R at 0xe000edf0: 0x00030003
R at 0xe000edf0: 0x00030003
R at 0xe000edf0: 0x00030003
R at 0xe000edf0: 0x00030003
R at 0xe000edf0: 0x00030003
R at 0xe000edf0: 0x00030003
R at 0xe000edf0: 0x00030003
R at 0xe000edf0: 0x00030003
R at 0xe000edf0: 0x00030003
R at 0xe000edf0: 0x00030003
R at 0xe000edf0: 0x00030003
R at 0xe000edf0: 0x00030003
R at 0xe000edf0: 0x00030003
R at 0xe000edf0: 0x00030003
R at 0xe000edf0: 0x00030003
R at 0xe000edf0: 0x00030003
R at 0xe000edf0: 0x00030003
R at 0xe000edf0: 0x00030003
R at 0xe000edf0: 0x00030003
R at 0xe000edf0: 0x00030003
R at 0xe000edf0: 0x00030003
R at 0xe000edf0: 0x00030003
R at 0xe000edf0: 0x00030003
R at 0xe000edf0: 0x00030003
R at 0xe000edf0: 0x00030003
R at 0xe000edf0: 0x00030003
R at 0xe000edf0: 0x00030003
R at 0xe000edf0: 0x00030003
R at 0xe000edf0: 0x00030003
R at 0xe000edf0: 0x00030003
R at 0xe000edf0: 0x00030003
R at 0xe000edf0: 0x00030003
R at 0xe000edf0: 0x00030003
R at 0xe000edf0: 0x00030003
R at 0xe000edf0: 0x00030003
R at 0xe000edf0: 0x00030003
R at 0xe000edf0: 0x00030003
R at 0xe000edf0: 0x00030003
R at 0xe000edf0: 0x00030003
R at 0xe000edf0: 0x00030003
R at 0xe000edf0: 0x00030003
R at 0xe000edf0: 0x00030003
R at 0xe000edf0: 0x00030003
R at 0xe000edf0: 0x00030003
R at 0xe000edf0: 0x00030003
R at 0xe000edf0: 0x00030003
R at 0xe000edf0: 0x00030003
R at 0xe000edf0: 0x00030003
R at 0xe000edf0: 0x00030003
R at 0xe000edf0: 0x00030003
System reset has not raised up after 2 seconds
Sys reset req
W at 0xe000ed0c: 0x05fa0004
R at 0xe000ed0c: 0xfa050000
R at 0xe000edf0: 0x02030003
Driving NRST high
R at 0xe000edf0: 0x00030003
W regId 16: 0x01000000
W at 0xe000edfc: 0x00000000
R at 0xe000ed00: 0x00000041
R at 0xe0042000: 0x00000046
R at 0xe0042000: 0x00000046
W 1024 bytes from 0x20000000
W 1024 bytes from 0x20000400
W 1024 bytes from 0x20000800
W 1020 bytes from 0x20000c00
W at 0x20000ffc: 0x00000000
W 1024 bytes from 0x20001000
W 1024 bytes from 0x20001400
W 1024 bytes from 0x20001800
W 1016 bytes from 0x20001c00
W 8 bytes from 0x20001ff8
R at 0x1ffff7cc: 0x00000000
R at 0xe0042008: 0x00001800
W at 0xe0042008: 0x00001800
R at 0xe000ed00: 0x00000041
R at 0xe0042000: 0x00000046
R at 0xe0042000: 0x00000046
W 1024 bytes from 0x20000000
W 1024 bytes from 0x20000400
W 1024 bytes from 0x20000800
W 1020 bytes from 0x20000c00
W at 0x20000ffc: 0x00000000
W 1024 bytes from 0x20001000
W 1024 bytes from 0x20001400
W 1024 bytes from 0x20001800
W 1016 bytes from 0x20001c00
W 8 bytes from 0x20001ff8
R at 0x1ffff7cc: 0x00000000
W at 0xe000edf0: 0xa05f0003
R at 0xe000edf0: 0x00030003
R at 0xe000edf0: 0x00030003
Activating vector catch system
W at 0xe000edfc: 0x00000001
Sys reset req
W at 0xe000ed0c: 0x05fa0004
R at 0xe000ed0c: 0xfa050000
R at 0xe000edf0: 0x02030003
R at 0xe000edf0: 0x00030003
W regId 16: 0x01000000
W at 0xe000edfc: 0x00000000
W at 0xe000edf0: 0xa05f0001
W at 0xe000edf0: 0xa05f0000
**** End of GDI DUMP ****
